proguard/seeds.txt
android.support.v7.internal.widget.LinearLayoutICS
android.support.v7.internal.widget.LinearLayoutICS: LinearLayoutICS(android.content.Context,android.util.AttributeSet)
android.support.v7.internal.widget.LinearLayoutICS: int getSupportDividerWidth()
android.support.v7.internal.widget.NativeActionModeAwareLayout
android.support.v7.internal.widget.NativeActionModeAwareLayout: NativeActionModeAwareLayout(android.content.Context,android.util.AttributeSet)
android.support.v7.internal.widget.NativeActionModeAwareLayout: void setActionModeForChildListener(android.support.v7.internal.widget.NativeActionModeAwareLayout$OnActionModeForChildListener)
android.support.v7.internal.widget.ProgressBarICS: android.graphics.drawable.shapes.Shape getDrawableShape()
android.support.v7.internal.widget.ProgressBarICS: void setIndeterminate(boolean)
android.support.v7.internal.widget.ProgressBarICS: android.graphics.drawable.Drawable getIndeterminateDrawable()
android.support.v7.internal.widget.ProgressBarICS: void setIndeterminateDrawable(android.graphics.drawable.Drawable)
android.support.v7.internal.widget.ProgressBarICS: android.graphics.drawable.Drawable getProgressDrawable()
android.support.v7.internal.widget.ProgressBarICS: void setProgressDrawable(android.graphics.drawable.Drawable)
android.support.v7.internal.widget.ProgressBarICS: void setProgress(int)
android.support.v7.internal.widget.ProgressBarICS: void setSecondaryProgress(int)
android.support.v7.internal.widget.ProgressBarICS: int getProgress()
android.support.v7.internal.widget.ProgressBarICS: int getSecondaryProgress()
android.support.v7.internal.widget.ProgressBarICS: int getMax()
android.support.v7.internal.widget.ProgressBarICS: void setMax(int)
android.support.v7.internal.widget.ProgressBarICS: void setInterpolator(android.view.animation.Interpolator)
android.support.v7.internal.widget.ProgressBarICS: android.view.animation.Interpolator getInterpolator()
android.support.v7.internal.widget.ProgressBarICS: void setVisibility(int)
android.support.v7.internal.widget.ProgressBarICS$SavedState
android.support.v7.internal.widget.ProgressBarICS$SavedState: android.os.Parcelable$Creator CREATOR
android.support.v7.internal.widget.ScrollingTabContainerView: void setAllowCollapse(boolean)
android.support.v7.internal.widget.ScrollingTabContainerView: void setTabSelected(int)
android.support.v7.internal.widget.ScrollingTabContainerView: void setContentHeight(int)
android.support.v7.internal.widget.ScrollingTabContainerView$TabView
android.support.v7.internal.widget.ScrollingTabContainerView$TabView: ScrollingTabContainerView$TabView(android.content.Context,android.util.AttributeSet)
android.support.v7.internal.widget.ScrollingTabContainerView$TabView: android.support.v7.app.ActionBar$Tab getTab()