proguard/mapping.txt
android.support.v4.util.ContainerHelpers -> android.support.v4.d.c:
    int[] EMPTY_INTS -> a
    long[] EMPTY_LONGS -> b
    java.lang.Object[] EMPTY_OBJECTS -> c
    int idealIntArraySize(int) -> a
    int idealByteArraySize(int) -> b
    boolean equal(java.lang.Object,java.lang.Object) -> a
    int binarySearch(int[],int,int) -> a
android.support.v4.util.DebugUtils -> android.support.v4.d.d:
    void buildShortClassTag(java.lang.Object,java.lang.StringBuilder) -> a
android.support.v4.util.LogWriter -> android.support.v4.d.e:
    java.lang.String mTag -> a
    java.lang.StringBuilder mBuilder -> b
    void close() -> close
    void flush() -> flush
    void write(char[],int,int) -> write
    void flushBuilder() -> a
android.support.v4.util.MapCollections -> android.support.v4.d.f:
    android.support.v4.util.MapCollections$EntrySet mEntrySet -> b
    android.support.v4.util.MapCollections$KeySet mKeySet -> c
    android.support.v4.util.MapCollections$ValuesCollection mValues -> d
    boolean containsAllHelper(java.util.Map,java.util.Collection) -> a
    boolean removeAllHelper(java.util.Map,java.util.Collection) -> b
    boolean retainAllHelper(java.util.Map,java.util.Collection) -> c
    java.lang.Object[] toArrayHelper(int) -> b
    java.lang.Object[] toArrayHelper(java.lang.Object[],int) -> a
    boolean equalsSetHelper(java.util.Set,java.lang.Object) -> a
    java.util.Set getEntrySet() -> d
    java.util.Set getKeySet() -> e
    java.util.Collection getValues() -> f
    int colGetSize() -> a
    java.lang.Object colGetEntry(int,int) -> a
    int colIndexOfKey(java.lang.Object) -> a
    int colIndexOfValue(java.lang.Object) -> b
    java.util.Map colGetMap() -> b
    void colPut(java.lang.Object,java.lang.Object) -> a
    java.lang.Object colSetValue(int,java.lang.Object) -> a
    void colRemoveAt(int) -> a
    void colClear() -> c
android.support.v4.util.MapCollections$ArrayIterator -> android.support.v4.d.g:
    int mOffset -> a
    int mSize -> b
    int mIndex -> c
    boolean mCanRemove -> d
    android.support.v4.util.MapCollections this$0 -> e
    boolean hasNext() -> hasNext
    java.lang.Object next() -> next
    void remove() -> remove
android.support.v4.util.MapCollections$EntrySet -> android.support.v4.d.h:
    android.support.v4.util.MapCollections this$0 -> a
    boolean add(java.util.Map$Entry) -> a
    boolean addAll(java.util.Collection) -> addAll
    void clear() -> clear
    boolean contains(java.lang.Object) -> contains
    boolean containsAll(java.util.Collection) -> containsAll
    boolean isEmpty() -> isEmpty
    java.util.Iterator iterator() -> iterator
    boolean remove(java.lang.Object) -> remove
    boolean removeAll(java.util.Collection) -> removeAll
    boolean retainAll(java.util.Collection) -> retainAll
    int size() -> size
    java.lang.Object[] toArray() -> toArray
    java.lang.Object[] toArray(java.lang.Object[]) -> toArray
    boolean equals(java.lang.Object) -> equals
    int hashCode() -> hashCode
    boolean add(java.lang.Object) -> add
android.support.v4.util.MapCollections$KeySet -> android.support.v4.d.i:
    android.support.v4.util.MapCollections this$0 -> a
    boolean add(java.lang.Object) -> add
    boolean addAll(java.util.Collection) -> addAll
    void clear() -> clear
    boolean contains(java.lang.Object) -> contains
    boolean containsAll(java.util.Collection) -> containsAll
    boolean isEmpty() -> isEmpty
    java.util.Iterator iterator() -> iterator
    boolean remove(java.lang.Object) -> remove
    boolean removeAll(java.util.Collection) -> removeAll
    boolean retainAll(java.util.Collection) -> retainAll
    int size() -> size
    java.lang.Object[] toArray() -> toArray
    java.lang.Object[] toArray(java.lang.Object[]) -> toArray
    boolean equals(java.lang.Object) -> equals
    int hashCode() -> hashCode